<?xml version="1.0" encoding="UTF-8"?>
<!-- Generated by org.testng.reporters.JUnitReportReporter -->
<testsuite name="com.rectrix.groupworkflow.Homepage.Logindex" tests="1" time="2.072" ignored="0" failures="0" timestamp="11 Oct 2017 06:35:58 GMT" skipped="0" hostname="ASHOK" errors="0">
  <testcase name="userLogin" time="2.072" classname="com.rectrix.groupworkflow.Homepage.Logindex"/>
</testsuite> <!-- com.rectrix.groupworkflow.Homepage.Logindex -->
