<?xml version="1.0" encoding="UTF-8"?>
<!-- Generated by org.testng.reporters.JUnitReportReporter -->
<testsuite name="com.rectrix.groupworkflow.logindex.Logindex" tests="1" time="2.196" ignored="0" failures="0" timestamp="12 Oct 2017 07:15:13 GMT" skipped="0" hostname="ASHOK" errors="0">
  <testcase name="userLogin" time="2.196" classname="com.rectrix.groupworkflow.logindex.Logindex"/>
</testsuite> <!-- com.rectrix.groupworkflow.logindex.Logindex -->
